<?xml version="1.0" encoding="UTF-8"?>
<testsuite xmlns:xsi="http://www.w3.org/2001/XMLSchema-instance" xsi:noNamespaceSchemaLocation="https://maven.apache.org/surefire/maven-surefire-plugin/xsd/surefire-test-report.xsd" name="com.bookingservice.BookingServicesApplicationTests" time="6.015" tests="1" errors="0" skipped="0" failures="0">
  <properties>
    <property name="java.specification.version" value="17"/>
    <property name="sun.cpu.isalist" value="amd64"/>
    <property name="sun.jnu.encoding" value="Cp1252"/>
    <property name="java.class.path" value="C:\Users\kamteja\Desktop\FlightBooking\BookingServices\target\test-classes;C:\Users\kamteja\Desktop\FlightBooking\BookingServices\target\classes;C:\Users\kamteja\.m2\repository\org\springframework\boot\spring-boot-starter-actuator\3.0.2-SNAPSHOT\spring-boot-starter-actuator-3.0.2-SNAPSHOT.jar;C:\Users\kamteja\.m2\repository\org\springframework\boot\spring-boot-starter\3.0.2-SNAPSHOT\spring-boot-starter-3.0.2-SNAPSHOT.jar;C:\Users\kamteja\.m2\repository\org\springframework\boot\spring-boot-starter-logging\3.0.2-SNAPSHOT\spring-boot-starter-logging-3.0.2-SNAPSHOT.jar;C:\Users\kamteja\.m2\repository\ch\qos\logback\logback-classic\1.4.5\logback-classic-1.4.5.jar;C:\Users\kamteja\.m2\repository\ch\qos\logback\logback-core\1.4.5\logback-core-1.4.5.jar;C:\Users\kamteja\.m2\repository\org\apache\logging\log4j\log4j-to-slf4j\2.19.0\log4j-to-slf4j-2.19.0.jar;C:\Users\kamteja\.m2\repository\org\apache\logging\log4j\log4j-api\2.19.0\log4j-api-2.19.0.jar;C:\Users\kamteja\.m2\repository\org\slf4j\jul-to-slf4j\2.0.6\jul-to-slf4j-2.0.6.jar;C:\Users\kamteja\.m2\repository\jakarta\annotation\jakarta.annotation-api\2.1.1\jakarta.annotation-api-2.1.1.jar;C:\Users\kamteja\.m2\repository\org\yaml\snakeyaml\1.33\snakeyaml-1.33.jar;C:\Users\kamteja\.m2\repository\org\springframework\boot\spring-boot-actuator-autoconfigure\3.0.2-SNAPSHOT\spring-boot-actuator-autoconfigure-3.0.2-SNAPSHOT.jar;C:\Users\kamteja\.m2\repository\org\springframework\boot\spring-boot-actuator\3.0.2-SNAPSHOT\spring-boot-actuator-3.0.2-SNAPSHOT.jar;C:\Users\kamteja\.m2\repository\com\fasterxml\jackson\core\jackson-databind\2.14.1\jackson-databind-2.14.1.jar;C:\Users\kamteja\.m2\repository\com\fasterxml\jackson\core\jackson-core\2.14.1\jackson-core-2.14.1.jar;C:\Users\kamteja\.m2\repository\com\fasterxml\jackson\datatype\jackson-datatype-jsr310\2.14.1\jackson-datatype-jsr310-2.14.1.jar;C:\Users\kamteja\.m2\repository\io\micrometer\micrometer-observation\1.10.3\micrometer-observation-1.10.3.jar;C:\Users\kamteja\.m2\repository\io\micrometer\micrometer-commons\1.10.3\micrometer-commons-1.10.3.jar;C:\Users\kamteja\.m2\repository\io\micrometer\micrometer-core\1.10.3\micrometer-core-1.10.3.jar;C:\Users\kamteja\.m2\repository\org\hdrhistogram\HdrHistogram\2.1.12\HdrHistogram-2.1.12.jar;C:\Users\kamteja\.m2\repository\org\latencyutils\LatencyUtils\2.0.3\LatencyUtils-2.0.3.jar;C:\Users\kamteja\.m2\repository\org\springframework\boot\spring-boot-starter-data-jdbc\3.0.2-SNAPSHOT\spring-boot-starter-data-jdbc-3.0.2-SNAPSHOT.jar;C:\Users\kamteja\.m2\repository\org\springframework\data\spring-data-jdbc\3.0.1\spring-data-jdbc-3.0.1.jar;C:\Users\kamteja\.m2\repository\org\springframework\data\spring-data-relational\3.0.1\spring-data-relational-3.0.1.jar;C:\Users\kamteja\.m2\repository\org\springframework\data\spring-data-commons\3.0.1\spring-data-commons-3.0.1.jar;C:\Users\kamteja\.m2\repository\org\springframework\spring-tx\6.0.4\spring-tx-6.0.4.jar;C:\Users\kamteja\.m2\repository\org\springframework\spring-context\6.0.4\spring-context-6.0.4.jar;C:\Users\kamteja\.m2\repository\org\springframework\spring-beans\6.0.4\spring-beans-6.0.4.jar;C:\Users\kamteja\.m2\repository\org\springframework\boot\spring-boot-starter-data-jpa\3.0.2-SNAPSHOT\spring-boot-starter-data-jpa-3.0.2-SNAPSHOT.jar;C:\Users\kamteja\.m2\repository\org\springframework\boot\spring-boot-starter-aop\3.0.2-SNAPSHOT\spring-boot-starter-aop-3.0.2-SNAPSHOT.jar;C:\Users\kamteja\.m2\repository\org\springframework\spring-aop\6.0.4\spring-aop-6.0.4.jar;C:\Users\kamteja\.m2\repository\org\aspectj\aspectjweaver\1.9.19\aspectjweaver-1.9.19.jar;C:\Users\kamteja\.m2\repository\org\hibernate\orm\hibernate-core\6.1.6.Final\hibernate-core-6.1.6.Final.jar;C:\Users\kamteja\.m2\repository\jakarta\persistence\jakarta.persistence-api\3.1.0\jakarta.persistence-api-3.1.0.jar;C:\Users\kamteja\.m2\repository\jakarta\transaction\jakarta.transaction-api\2.0.1\jakarta.transaction-api-2.0.1.jar;C:\Users\kamteja\.m2\repository\org\jboss\logging\jboss-logging\3.5.0.Final\jboss-logging-3.5.0.Final.jar;C:\Users\kamteja\.m2\repository\org\hibernate\common\hibernate-commons-annotations\6.0.2.Final\hibernate-commons-annotations-6.0.2.Final.jar;C:\Users\kamteja\.m2\repository\org\jboss\jandex\2.4.2.Final\jandex-2.4.2.Final.jar;C:\Users\kamteja\.m2\repository\net\bytebuddy\byte-buddy\1.12.22\byte-buddy-1.12.22.jar;C:\Users\kamteja\.m2\repository\org\glassfish\jaxb\jaxb-runtime\4.0.1\jaxb-runtime-4.0.1.jar;C:\Users\kamteja\.m2\repository\org\glassfish\jaxb\jaxb-core\4.0.1\jaxb-core-4.0.1.jar;C:\Users\kamteja\.m2\repository\org\eclipse\angus\angus-activation\1.0.0\angus-activation-1.0.0.jar;C:\Users\kamteja\.m2\repository\org\glassfish\jaxb\txw2\4.0.1\txw2-4.0.1.jar;C:\Users\kamteja\.m2\repository\com\sun\istack\istack-commons-runtime\4.1.1\istack-commons-runtime-4.1.1.jar;C:\Users\kamteja\.m2\repository\jakarta\inject\jakarta.inject-api\2.0.0\jakarta.inject-api-2.0.0.jar;C:\Users\kamteja\.m2\repository\org\antlr\antlr4-runtime\4.10.1\antlr4-runtime-4.10.1.jar;C:\Users\kamteja\.m2\repository\org\springframework\data\spring-data-jpa\3.0.1\spring-data-jpa-3.0.1.jar;C:\Users\kamteja\.m2\repository\org\springframework\spring-orm\6.0.4\spring-orm-6.0.4.jar;C:\Users\kamteja\.m2\repository\org\springframework\spring-aspects\6.0.4\spring-aspects-6.0.4.jar;C:\Users\kamteja\.m2\repository\org\springframework\boot\spring-boot-starter-data-rest\3.0.2-SNAPSHOT\spring-boot-starter-data-rest-3.0.2-SNAPSHOT.jar;C:\Users\kamteja\.m2\repository\org\springframework\data\spring-data-rest-webmvc\4.0.1\spring-data-rest-webmvc-4.0.1.jar;C:\Users\kamteja\.m2\repository\org\springframework\data\spring-data-rest-core\4.0.1\spring-data-rest-core-4.0.1.jar;C:\Users\kamteja\.m2\repository\org\springframework\hateoas\spring-hateoas\2.0.1\spring-hateoas-2.0.1.jar;C:\Users\kamteja\.m2\repository\org\atteo\evo-inflector\1.3\evo-inflector-1.3.jar;C:\Users\kamteja\.m2\repository\com\fasterxml\jackson\core\jackson-annotations\2.14.1\jackson-annotations-2.14.1.jar;C:\Users\kamteja\.m2\repository\org\springframework\boot\spring-boot-starter-jdbc\3.0.2-SNAPSHOT\spring-boot-starter-jdbc-3.0.2-SNAPSHOT.jar;C:\Users\kamteja\.m2\repository\com\zaxxer\HikariCP\5.0.1\HikariCP-5.0.1.jar;C:\Users\kamteja\.m2\repository\org\springframework\spring-jdbc\6.0.4\spring-jdbc-6.0.4.jar;C:\Users\kamteja\.m2\repository\org\springframework\boot\spring-boot-starter-web\3.0.2-SNAPSHOT\spring-boot-starter-web-3.0.2-SNAPSHOT.jar;C:\Users\kamteja\.m2\repository\org\springframework\boot\spring-boot-starter-json\3.0.2-SNAPSHOT\spring-boot-starter-json-3.0.2-SNAPSHOT.jar;C:\Users\kamteja\.m2\repository\com\fasterxml\jackson\datatype\jackson-datatype-jdk8\2.14.1\jackson-datatype-jdk8-2.14.1.jar;C:\Users\kamteja\.m2\repository\com\fasterxml\jackson\module\jackson-module-parameter-names\2.14.1\jackson-module-parameter-names-2.14.1.jar;C:\Users\kamteja\.m2\repository\org\springframework\boot\spring-boot-starter-tomcat\3.0.2-SNAPSHOT\spring-boot-starter-tomcat-3.0.2-SNAPSHOT.jar;C:\Users\kamteja\.m2\repository\org\apache\tomcat\embed\tomcat-embed-core\10.1.5\tomcat-embed-core-10.1.5.jar;C:\Users\kamteja\.m2\repository\org\apache\tomcat\embed\tomcat-embed-el\10.1.5\tomcat-embed-el-10.1.5.jar;C:\Users\kamteja\.m2\repository\org\apache\tomcat\embed\tomcat-embed-websocket\10.1.5\tomcat-embed-websocket-10.1.5.jar;C:\Users\kamteja\.m2\repository\org\springframework\spring-web\6.0.4\spring-web-6.0.4.jar;C:\Users\kamteja\.m2\repository\org\springframework\spring-webmvc\6.0.4\spring-webmvc-6.0.4.jar;C:\Users\kamteja\.m2\repository\org\springframework\spring-expression\6.0.4\spring-expression-6.0.4.jar;C:\Users\kamteja\.m2\repository\org\springframework\boot\spring-boot-devtools\3.0.2-SNAPSHOT\spring-boot-devtools-3.0.2-SNAPSHOT.jar;C:\Users\kamteja\.m2\repository\org\springframework\boot\spring-boot\3.0.2-SNAPSHOT\spring-boot-3.0.2-SNAPSHOT.jar;C:\Users\kamteja\.m2\repository\org\springframework\boot\spring-boot-autoconfigure\3.0.2-SNAPSHOT\spring-boot-autoconfigure-3.0.2-SNAPSHOT.jar;C:\Users\kamteja\.m2\repository\com\h2database\h2\2.1.214\h2-2.1.214.jar;C:\Users\kamteja\.m2\repository\org\postgresql\postgresql\42.5.1\postgresql-42.5.1.jar;C:\Users\kamteja\.m2\repository\org\checkerframework\checker-qual\3.5.0\checker-qual-3.5.0.jar;C:\Users\kamteja\.m2\repository\org\projectlombok\lombok\1.18.24\lombok-1.18.24.jar;C:\Users\kamteja\.m2\repository\org\springframework\boot\spring-boot-starter-test\3.0.2-SNAPSHOT\spring-boot-starter-test-3.0.2-SNAPSHOT.jar;C:\Users\kamteja\.m2\repository\org\springframework\boot\spring-boot-test\3.0.2-SNAPSHOT\spring-boot-test-3.0.2-SNAPSHOT.jar;C:\Users\kamteja\.m2\repository\org\springframework\boot\spring-boot-test-autoconfigure\3.0.2-SNAPSHOT\spring-boot-test-autoconfigure-3.0.2-SNAPSHOT.jar;C:\Users\kamteja\.m2\repository\com\jayway\jsonpath\json-path\2.7.0\json-path-2.7.0.jar;C:\Users\kamteja\.m2\repository\net\minidev\json-smart\2.4.8\json-smart-2.4.8.jar;C:\Users\kamteja\.m2\repository\net\minidev\accessors-smart\2.4.8\accessors-smart-2.4.8.jar;C:\Users\kamteja\.m2\repository\org\ow2\asm\asm\9.1\asm-9.1.jar;C:\Users\kamteja\.m2\repository\jakarta\xml\bind\jakarta.xml.bind-api\4.0.0\jakarta.xml.bind-api-4.0.0.jar;C:\Users\kamteja\.m2\repository\jakarta\activation\jakarta.activation-api\2.1.1\jakarta.activation-api-2.1.1.jar;C:\Users\kamteja\.m2\repository\org\assertj\assertj-core\3.23.1\assertj-core-3.23.1.jar;C:\Users\kamteja\.m2\repository\org\hamcrest\hamcrest\2.2\hamcrest-2.2.jar;C:\Users\kamteja\.m2\repository\org\junit\jupiter\junit-jupiter\5.9.2\junit-jupiter-5.9.2.jar;C:\Users\kamteja\.m2\repository\org\junit\jupiter\junit-jupiter-api\5.9.2\junit-jupiter-api-5.9.2.jar;C:\Users\kamteja\.m2\repository\org\opentest4j\opentest4j\1.2.0\opentest4j-1.2.0.jar;C:\Users\kamteja\.m2\repository\org\junit\platform\junit-platform-commons\1.9.2\junit-platform-commons-1.9.2.jar;C:\Users\kamteja\.m2\repository\org\apiguardian\apiguardian-api\1.1.2\apiguardian-api-1.1.2.jar;C:\Users\kamteja\.m2\repository\org\junit\jupiter\junit-jupiter-params\5.9.2\junit-jupiter-params-5.9.2.jar;C:\Users\kamteja\.m2\repository\org\junit\jupiter\junit-jupiter-engine\5.9.2\junit-jupiter-engine-5.9.2.jar;C:\Users\kamteja\.m2\repository\org\junit\platform\junit-platform-engine\1.9.2\junit-platform-engine-1.9.2.jar;C:\Users\kamteja\.m2\repository\org\mockito\mockito-core\4.8.1\mockito-core-4.8.1.jar;C:\Users\kamteja\.m2\repository\net\bytebuddy\byte-buddy-agent\1.12.22\byte-buddy-agent-1.12.22.jar;C:\Users\kamteja\.m2\repository\org\objenesis\objenesis\3.2\objenesis-3.2.jar;C:\Users\kamteja\.m2\repository\org\mockito\mockito-junit-jupiter\4.8.1\mockito-junit-jupiter-4.8.1.jar;C:\Users\kamteja\.m2\repository\org\skyscreamer\jsonassert\1.5.1\jsonassert-1.5.1.jar;C:\Users\kamteja\.m2\repository\com\vaadin\external\google\android-json\0.0.20131108.vaadin1\android-json-0.0.20131108.vaadin1.jar;C:\Users\kamteja\.m2\repository\org\springframework\spring-core\6.0.4\spring-core-6.0.4.jar;C:\Users\kamteja\.m2\repository\org\springframework\spring-jcl\6.0.4\spring-jcl-6.0.4.jar;C:\Users\kamteja\.m2\repository\org\springframework\spring-test\6.0.4\spring-test-6.0.4.jar;C:\Users\kamteja\.m2\repository\org\xmlunit\xmlunit-core\2.9.1\xmlunit-core-2.9.1.jar;C:\Users\kamteja\.m2\repository\org\springframework\restdocs\spring-restdocs-mockmvc\3.0.0\spring-restdocs-mockmvc-3.0.0.jar;C:\Users\kamteja\.m2\repository\org\springframework\restdocs\spring-restdocs-core\3.0.0\spring-restdocs-core-3.0.0.jar;C:\Users\kamteja\.m2\repository\jakarta\servlet\jakarta.servlet-api\6.0.0\jakarta.servlet-api-6.0.0.jar;C:\Users\kamteja\.m2\repository\org\springframework\security\spring-security-test\6.0.1\spring-security-test-6.0.1.jar;C:\Users\kamteja\.m2\repository\org\springframework\security\spring-security-core\6.0.1\spring-security-core-6.0.1.jar;C:\Users\kamteja\.m2\repository\org\springframework\security\spring-security-crypto\6.0.1\spring-security-crypto-6.0.1.jar;C:\Users\kamteja\.m2\repository\org\springframework\security\spring-security-web\6.0.1\spring-security-web-6.0.1.jar;C:\Users\kamteja\.m2\repository\org\apache\tomcat\tomcat-jasper\10.1.4\tomcat-jasper-10.1.4.jar;C:\Users\kamteja\.m2\repository\org\apache\tomcat\tomcat-servlet-api\10.1.4\tomcat-servlet-api-10.1.4.jar;C:\Users\kamteja\.m2\repository\org\apache\tomcat\tomcat-juli\10.1.4\tomcat-juli-10.1.4.jar;C:\Users\kamteja\.m2\repository\org\apache\tomcat\tomcat-jsp-api\10.1.5\tomcat-jsp-api-10.1.5.jar;C:\Users\kamteja\.m2\repository\org\apache\tomcat\tomcat-el-api\10.1.4\tomcat-el-api-10.1.4.jar;C:\Users\kamteja\.m2\repository\org\eclipse\jdt\ecj\3.31.0\ecj-3.31.0.jar;C:\Users\kamteja\.m2\repository\org\apache\tomcat\tomcat-jasper-el\10.1.4\tomcat-jasper-el-10.1.4.jar;C:\Users\kamteja\.m2\repository\org\apache\tomcat\tomcat-api\10.1.4\tomcat-api-10.1.4.jar;C:\Users\kamteja\.m2\repository\org\apache\tomcat\tomcat-util-scan\10.1.4\tomcat-util-scan-10.1.4.jar;C:\Users\kamteja\.m2\repository\org\apache\tomcat\tomcat-util\10.1.4\tomcat-util-10.1.4.jar;C:\Users\kamteja\.m2\repository\javax\servlet\javax.servlet-api\3.0.1\javax.servlet-api-3.0.1.jar;C:\Users\kamteja\.m2\repository\org\projectlombok\lombok-maven-plugin\1.18.12.0\lombok-maven-plugin-1.18.12.0.jar;C:\Users\kamteja\.m2\repository\org\apache\commons\commons-lang3\3.12.0\commons-lang3-3.12.0.jar;C:\Users\kamteja\.m2\repository\org\sonatype\plexus\plexus-build-api\0.0.7\plexus-build-api-0.0.7.jar;C:\Users\kamteja\.m2\repository\org\codehaus\plexus\plexus-utils\1.5.8\plexus-utils-1.5.8.jar;C:\Users\kamteja\.m2\repository\io\springfox\springfox-swagger2\3.0.0\springfox-swagger2-3.0.0.jar;C:\Users\kamteja\.m2\repository\io\springfox\springfox-spi\3.0.0\springfox-spi-3.0.0.jar;C:\Users\kamteja\.m2\repository\io\springfox\springfox-core\3.0.0\springfox-core-3.0.0.jar;C:\Users\kamteja\.m2\repository\io\springfox\springfox-schema\3.0.0\springfox-schema-3.0.0.jar;C:\Users\kamteja\.m2\repository\io\springfox\springfox-swagger-common\3.0.0\springfox-swagger-common-3.0.0.jar;C:\Users\kamteja\.m2\repository\io\swagger\core\v3\swagger-annotations\2.1.2\swagger-annotations-2.1.2.jar;C:\Users\kamteja\.m2\repository\io\springfox\springfox-spring-web\3.0.0\springfox-spring-web-3.0.0.jar;C:\Users\kamteja\.m2\repository\io\github\classgraph\classgraph\4.8.83\classgraph-4.8.83.jar;C:\Users\kamteja\.m2\repository\io\springfox\springfox-spring-webmvc\3.0.0\springfox-spring-webmvc-3.0.0.jar;C:\Users\kamteja\.m2\repository\io\springfox\springfox-spring-webflux\3.0.0\springfox-spring-webflux-3.0.0.jar;C:\Users\kamteja\.m2\repository\com\fasterxml\classmate\1.5.1\classmate-1.5.1.jar;C:\Users\kamteja\.m2\repository\org\slf4j\slf4j-api\2.0.6\slf4j-api-2.0.6.jar;C:\Users\kamteja\.m2\repository\org\springframework\plugin\spring-plugin-core\2.0.0.RELEASE\spring-plugin-core-2.0.0.RELEASE.jar;C:\Users\kamteja\.m2\repository\org\springframework\plugin\spring-plugin-metadata\2.0.0.RELEASE\spring-plugin-metadata-2.0.0.RELEASE.jar;C:\Users\kamteja\.m2\repository\io\swagger\swagger-annotations\1.5.20\swagger-annotations-1.5.20.jar;C:\Users\kamteja\.m2\repository\io\swagger\swagger-models\1.5.20\swagger-models-1.5.20.jar;C:\Users\kamteja\.m2\repository\org\mapstruct\mapstruct\1.3.1.Final\mapstruct-1.3.1.Final.jar;C:\Users\kamteja\.m2\repository\io\springfox\springfox-swagger-ui\3.0.0\springfox-swagger-ui-3.0.0.jar;"/>
    <property name="java.vm.vendor" value="Eclipse Adoptium"/>
    <property name="sun.arch.data.model" value="64"/>
    <property name="user.variant" value=""/>
    <property name="java.vendor.url" value="https://adoptium.net/"/>
    <property name="user.timezone" value="Asia/Calcutta"/>
    <property name="os.name" value="Windows 11"/>
    <property name="java.vm.specification.version" value="17"/>
    <property name="sun.java.launcher" value="SUN_STANDARD"/>
    <property name="user.country" value="IN"/>
    <property name="sun.boot.library.path" value="C:\Users\kamteja\.p2\pool\plugins\org.eclipse.justj.openjdk.hotspot.jre.full.win32.x86_64_17.0.3.v20220515-1416\jre\bin"/>
    <property name="sun.java.command" value="C:\Users\kamteja\AppData\Local\Temp\surefire12470688790407383069\surefirebooter13002779588224005798.jar C:\Users\kamteja\AppData\Local\Temp\surefire12470688790407383069 2023-01-23T17-52-40_194-jvmRun1 surefire15057767651379074447tmp surefire_018184115090613661291tmp"/>
    <property name="jdk.debug" value="release"/>
    <property name="surefire.test.class.path" value="C:\Users\kamteja\Desktop\FlightBooking\BookingServices\target\test-classes;C:\Users\kamteja\Desktop\FlightBooking\BookingServices\target\classes;C:\Users\kamteja\.m2\repository\org\springframework\boot\spring-boot-starter-actuator\3.0.2-SNAPSHOT\spring-boot-starter-actuator-3.0.2-SNAPSHOT.jar;C:\Users\kamteja\.m2\repository\org\springframework\boot\spring-boot-starter\3.0.2-SNAPSHOT\spring-boot-starter-3.0.2-SNAPSHOT.jar;C:\Users\kamteja\.m2\repository\org\springframework\boot\spring-boot-starter-logging\3.0.2-SNAPSHOT\spring-boot-starter-logging-3.0.2-SNAPSHOT.jar;C:\Users\kamteja\.m2\repository\ch\qos\logback\logback-classic\1.4.5\logback-classic-1.4.5.jar;C:\Users\kamteja\.m2\repository\ch\qos\logback\logback-core\1.4.5\logback-core-1.4.5.jar;C:\Users\kamteja\.m2\repository\org\apache\logging\log4j\log4j-to-slf4j\2.19.0\log4j-to-slf4j-2.19.0.jar;C:\Users\kamteja\.m2\repository\org\apache\logging\log4j\log4j-api\2.19.0\log4j-api-2.19.0.jar;C:\Users\kamteja\.m2\repository\org\slf4j\jul-to-slf4j\2.0.6\jul-to-slf4j-2.0.6.jar;C:\Users\kamteja\.m2\repository\jakarta\annotation\jakarta.annotation-api\2.1.1\jakarta.annotation-api-2.1.1.jar;C:\Users\kamteja\.m2\repository\org\yaml\snakeyaml\1.33\snakeyaml-1.33.jar;C:\Users\kamteja\.m2\repository\org\springframework\boot\spring-boot-actuator-autoconfigure\3.0.2-SNAPSHOT\spring-boot-actuator-autoconfigure-3.0.2-SNAPSHOT.jar;C:\Users\kamteja\.m2\repository\org\springframework\boot\spring-boot-actuator\3.0.2-SNAPSHOT\spring-boot-actuator-3.0.2-SNAPSHOT.jar;C:\Users\kamteja\.m2\repository\com\fasterxml\jackson\core\jackson-databind\2.14.1\jackson-databind-2.14.1.jar;C:\Users\kamteja\.m2\repository\com\fasterxml\jackson\core\jackson-core\2.14.1\jackson-core-2.14.1.jar;C:\Users\kamteja\.m2\repository\com\fasterxml\jackson\datatype\jackson-datatype-jsr310\2.14.1\jackson-datatype-jsr310-2.14.1.jar;C:\Users\kamteja\.m2\repository\io\micrometer\micrometer-observation\1.10.3\micrometer-observation-1.10.3.jar;C:\Users\kamteja\.m2\repository\io\micrometer\micrometer-commons\1.10.3\micrometer-commons-1.10.3.jar;C:\Users\kamteja\.m2\repository\io\micrometer\micrometer-core\1.10.3\micrometer-core-1.10.3.jar;C:\Users\kamteja\.m2\repository\org\hdrhistogram\HdrHistogram\2.1.12\HdrHistogram-2.1.12.jar;C:\Users\kamteja\.m2\repository\org\latencyutils\LatencyUtils\2.0.3\LatencyUtils-2.0.3.jar;C:\Users\kamteja\.m2\repository\org\springframework\boot\spring-boot-starter-data-jdbc\3.0.2-SNAPSHOT\spring-boot-starter-data-jdbc-3.0.2-SNAPSHOT.jar;C:\Users\kamteja\.m2\repository\org\springframework\data\spring-data-jdbc\3.0.1\spring-data-jdbc-3.0.1.jar;C:\Users\kamteja\.m2\repository\org\springframework\data\spring-data-relational\3.0.1\spring-data-relational-3.0.1.jar;C:\Users\kamteja\.m2\repository\org\springframework\data\spring-data-commons\3.0.1\spring-data-commons-3.0.1.jar;C:\Users\kamteja\.m2\repository\org\springframework\spring-tx\6.0.4\spring-tx-6.0.4.jar;C:\Users\kamteja\.m2\repository\org\springframework\spring-context\6.0.4\spring-context-6.0.4.jar;C:\Users\kamteja\.m2\repository\org\springframework\spring-beans\6.0.4\spring-beans-6.0.4.jar;C:\Users\kamteja\.m2\repository\org\springframework\boot\spring-boot-starter-data-jpa\3.0.2-SNAPSHOT\spring-boot-starter-data-jpa-3.0.2-SNAPSHOT.jar;C:\Users\kamteja\.m2\repository\org\springframework\boot\spring-boot-starter-aop\3.0.2-SNAPSHOT\spring-boot-starter-aop-3.0.2-SNAPSHOT.jar;C:\Users\kamteja\.m2\repository\org\springframework\spring-aop\6.0.4\spring-aop-6.0.4.jar;C:\Users\kamteja\.m2\repository\org\aspectj\aspectjweaver\1.9.19\aspectjweaver-1.9.19.jar;C:\Users\kamteja\.m2\repository\org\hibernate\orm\hibernate-core\6.1.6.Final\hibernate-core-6.1.6.Final.jar;C:\Users\kamteja\.m2\repository\jakarta\persistence\jakarta.persistence-api\3.1.0\jakarta.persistence-api-3.1.0.jar;C:\Users\kamteja\.m2\repository\jakarta\transaction\jakarta.transaction-api\2.0.1\jakarta.transaction-api-2.0.1.jar;C:\Users\kamteja\.m2\repository\org\jboss\logging\jboss-logging\3.5.0.Final\jboss-logging-3.5.0.Final.jar;C:\Users\kamteja\.m2\repository\org\hibernate\common\hibernate-commons-annotations\6.0.2.Final\hibernate-commons-annotations-6.0.2.Final.jar;C:\Users\kamteja\.m2\repository\org\jboss\jandex\2.4.2.Final\jandex-2.4.2.Final.jar;C:\Users\kamteja\.m2\repository\net\bytebuddy\byte-buddy\1.12.22\byte-buddy-1.12.22.jar;C:\Users\kamteja\.m2\repository\org\glassfish\jaxb\jaxb-runtime\4.0.1\jaxb-runtime-4.0.1.jar;C:\Users\kamteja\.m2\repository\org\glassfish\jaxb\jaxb-core\4.0.1\jaxb-core-4.0.1.jar;C:\Users\kamteja\.m2\repository\org\eclipse\angus\angus-activation\1.0.0\angus-activation-1.0.0.jar;C:\Users\kamteja\.m2\repository\org\glassfish\jaxb\txw2\4.0.1\txw2-4.0.1.jar;C:\Users\kamteja\.m2\repository\com\sun\istack\istack-commons-runtime\4.1.1\istack-commons-runtime-4.1.1.jar;C:\Users\kamteja\.m2\repository\jakarta\inject\jakarta.inject-api\2.0.0\jakarta.inject-api-2.0.0.jar;C:\Users\kamteja\.m2\repository\org\antlr\antlr4-runtime\4.10.1\antlr4-runtime-4.10.1.jar;C:\Users\kamteja\.m2\repository\org\springframework\data\spring-data-jpa\3.0.1\spring-data-jpa-3.0.1.jar;C:\Users\kamteja\.m2\repository\org\springframework\spring-orm\6.0.4\spring-orm-6.0.4.jar;C:\Users\kamteja\.m2\repository\org\springframework\spring-aspects\6.0.4\spring-aspects-6.0.4.jar;C:\Users\kamteja\.m2\repository\org\springframework\boot\spring-boot-starter-data-rest\3.0.2-SNAPSHOT\spring-boot-starter-data-rest-3.0.2-SNAPSHOT.jar;C:\Users\kamteja\.m2\repository\org\springframework\data\spring-data-rest-webmvc\4.0.1\spring-data-rest-webmvc-4.0.1.jar;C:\Users\kamteja\.m2\repository\org\springframework\data\spring-data-rest-core\4.0.1\spring-data-rest-core-4.0.1.jar;C:\Users\kamteja\.m2\repository\org\springframework\hateoas\spring-hateoas\2.0.1\spring-hateoas-2.0.1.jar;C:\Users\kamteja\.m2\repository\org\atteo\evo-inflector\1.3\evo-inflector-1.3.jar;C:\Users\kamteja\.m2\repository\com\fasterxml\jackson\core\jackson-annotations\2.14.1\jackson-annotations-2.14.1.jar;C:\Users\kamteja\.m2\repository\org\springframework\boot\spring-boot-starter-jdbc\3.0.2-SNAPSHOT\spring-boot-starter-jdbc-3.0.2-SNAPSHOT.jar;C:\Users\kamteja\.m2\repository\com\zaxxer\HikariCP\5.0.1\HikariCP-5.0.1.jar;C:\Users\kamteja\.m2\repository\org\springframework\spring-jdbc\6.0.4\spring-jdbc-6.0.4.jar;C:\Users\kamteja\.m2\repository\org\springframework\boot\spring-boot-starter-web\3.0.2-SNAPSHOT\spring-boot-starter-web-3.0.2-SNAPSHOT.jar;C:\Users\kamteja\.m2\repository\org\springframework\boot\spring-boot-starter-json\3.0.2-SNAPSHOT\spring-boot-starter-json-3.0.2-SNAPSHOT.jar;C:\Users\kamteja\.m2\repository\com\fasterxml\jackson\datatype\jackson-datatype-jdk8\2.14.1\jackson-datatype-jdk8-2.14.1.jar;C:\Users\kamteja\.m2\repository\com\fasterxml\jackson\module\jackson-module-parameter-names\2.14.1\jackson-module-parameter-names-2.14.1.jar;C:\Users\kamteja\.m2\repository\org\springframework\boot\spring-boot-starter-tomcat\3.0.2-SNAPSHOT\spring-boot-starter-tomcat-3.0.2-SNAPSHOT.jar;C:\Users\kamteja\.m2\repository\org\apache\tomcat\embed\tomcat-embed-core\10.1.5\tomcat-embed-core-10.1.5.jar;C:\Users\kamteja\.m2\repository\org\apache\tomcat\embed\tomcat-embed-el\10.1.5\tomcat-embed-el-10.1.5.jar;C:\Users\kamteja\.m2\repository\org\apache\tomcat\embed\tomcat-embed-websocket\10.1.5\tomcat-embed-websocket-10.1.5.jar;C:\Users\kamteja\.m2\repository\org\springframework\spring-web\6.0.4\spring-web-6.0.4.jar;C:\Users\kamteja\.m2\repository\org\springframework\spring-webmvc\6.0.4\spring-webmvc-6.0.4.jar;C:\Users\kamteja\.m2\repository\org\springframework\spring-expression\6.0.4\spring-expression-6.0.4.jar;C:\Users\kamteja\.m2\repository\org\springframework\boot\spring-boot-devtools\3.0.2-SNAPSHOT\spring-boot-devtools-3.0.2-SNAPSHOT.jar;C:\Users\kamteja\.m2\repository\org\springframework\boot\spring-boot\3.0.2-SNAPSHOT\spring-boot-3.0.2-SNAPSHOT.jar;C:\Users\kamteja\.m2\repository\org\springframework\boot\spring-boot-autoconfigure\3.0.2-SNAPSHOT\spring-boot-autoconfigure-3.0.2-SNAPSHOT.jar;C:\Users\kamteja\.m2\repository\com\h2database\h2\2.1.214\h2-2.1.214.jar;C:\Users\kamteja\.m2\repository\org\postgresql\postgresql\42.5.1\postgresql-42.5.1.jar;C:\Users\kamteja\.m2\repository\org\checkerframework\checker-qual\3.5.0\checker-qual-3.5.0.jar;C:\Users\kamteja\.m2\repository\org\projectlombok\lombok\1.18.24\lombok-1.18.24.jar;C:\Users\kamteja\.m2\repository\org\springframework\boot\spring-boot-starter-test\3.0.2-SNAPSHOT\spring-boot-starter-test-3.0.2-SNAPSHOT.jar;C:\Users\kamteja\.m2\repository\org\springframework\boot\spring-boot-test\3.0.2-SNAPSHOT\spring-boot-test-3.0.2-SNAPSHOT.jar;C:\Users\kamteja\.m2\repository\org\springframework\boot\spring-boot-test-autoconfigure\3.0.2-SNAPSHOT\spring-boot-test-autoconfigure-3.0.2-SNAPSHOT.jar;C:\Users\kamteja\.m2\repository\com\jayway\jsonpath\json-path\2.7.0\json-path-2.7.0.jar;C:\Users\kamteja\.m2\repository\net\minidev\json-smart\2.4.8\json-smart-2.4.8.jar;C:\Users\kamteja\.m2\repository\net\minidev\accessors-smart\2.4.8\accessors-smart-2.4.8.jar;C:\Users\kamteja\.m2\repository\org\ow2\asm\asm\9.1\asm-9.1.jar;C:\Users\kamteja\.m2\repository\jakarta\xml\bind\jakarta.xml.bind-api\4.0.0\jakarta.xml.bind-api-4.0.0.jar;C:\Users\kamteja\.m2\repository\jakarta\activation\jakarta.activation-api\2.1.1\jakarta.activation-api-2.1.1.jar;C:\Users\kamteja\.m2\repository\org\assertj\assertj-core\3.23.1\assertj-core-3.23.1.jar;C:\Users\kamteja\.m2\repository\org\hamcrest\hamcrest\2.2\hamcrest-2.2.jar;C:\Users\kamteja\.m2\repository\org\junit\jupiter\junit-jupiter\5.9.2\junit-jupiter-5.9.2.jar;C:\Users\kamteja\.m2\repository\org\junit\jupiter\junit-jupiter-api\5.9.2\junit-jupiter-api-5.9.2.jar;C:\Users\kamteja\.m2\repository\org\opentest4j\opentest4j\1.2.0\opentest4j-1.2.0.jar;C:\Users\kamteja\.m2\repository\org\junit\platform\junit-platform-commons\1.9.2\junit-platform-commons-1.9.2.jar;C:\Users\kamteja\.m2\repository\org\apiguardian\apiguardian-api\1.1.2\apiguardian-api-1.1.2.jar;C:\Users\kamteja\.m2\repository\org\junit\jupiter\junit-jupiter-params\5.9.2\junit-jupiter-params-5.9.2.jar;C:\Users\kamteja\.m2\repository\org\junit\jupiter\junit-jupiter-engine\5.9.2\junit-jupiter-engine-5.9.2.jar;C:\Users\kamteja\.m2\repository\org\junit\platform\junit-platform-engine\1.9.2\junit-platform-engine-1.9.2.jar;C:\Users\kamteja\.m2\repository\org\mockito\mockito-core\4.8.1\mockito-core-4.8.1.jar;C:\Users\kamteja\.m2\repository\net\bytebuddy\byte-buddy-agent\1.12.22\byte-buddy-agent-1.12.22.jar;C:\Users\kamteja\.m2\repository\org\objenesis\objenesis\3.2\objenesis-3.2.jar;C:\Users\kamteja\.m2\repository\org\mockito\mockito-junit-jupiter\4.8.1\mockito-junit-jupiter-4.8.1.jar;C:\Users\kamteja\.m2\repository\org\skyscreamer\jsonassert\1.5.1\jsonassert-1.5.1.jar;C:\Users\kamteja\.m2\repository\com\vaadin\external\google\android-json\0.0.20131108.vaadin1\android-json-0.0.20131108.vaadin1.jar;C:\Users\kamteja\.m2\repository\org\springframework\spring-core\6.0.4\spring-core-6.0.4.jar;C:\Users\kamteja\.m2\repository\org\springframework\spring-jcl\6.0.4\spring-jcl-6.0.4.jar;C:\Users\kamteja\.m2\repository\org\springframework\spring-test\6.0.4\spring-test-6.0.4.jar;C:\Users\kamteja\.m2\repository\org\xmlunit\xmlunit-core\2.9.1\xmlunit-core-2.9.1.jar;C:\Users\kamteja\.m2\repository\org\springframework\restdocs\spring-restdocs-mockmvc\3.0.0\spring-restdocs-mockmvc-3.0.0.jar;C:\Users\kamteja\.m2\repository\org\springframework\restdocs\spring-restdocs-core\3.0.0\spring-restdocs-core-3.0.0.jar;C:\Users\kamteja\.m2\repository\jakarta\servlet\jakarta.servlet-api\6.0.0\jakarta.servlet-api-6.0.0.jar;C:\Users\kamteja\.m2\repository\org\springframework\security\spring-security-test\6.0.1\spring-security-test-6.0.1.jar;C:\Users\kamteja\.m2\repository\org\springframework\security\spring-security-core\6.0.1\spring-security-core-6.0.1.jar;C:\Users\kamteja\.m2\repository\org\springframework\security\spring-security-crypto\6.0.1\spring-security-crypto-6.0.1.jar;C:\Users\kamteja\.m2\repository\org\springframework\security\spring-security-web\6.0.1\spring-security-web-6.0.1.jar;C:\Users\kamteja\.m2\repository\org\apache\tomcat\tomcat-jasper\10.1.4\tomcat-jasper-10.1.4.jar;C:\Users\kamteja\.m2\repository\org\apache\tomcat\tomcat-servlet-api\10.1.4\tomcat-servlet-api-10.1.4.jar;C:\Users\kamteja\.m2\repository\org\apache\tomcat\tomcat-juli\10.1.4\tomcat-juli-10.1.4.jar;C:\Users\kamteja\.m2\repository\org\apache\tomcat\tomcat-jsp-api\10.1.5\tomcat-jsp-api-10.1.5.jar;C:\Users\kamteja\.m2\repository\org\apache\tomcat\tomcat-el-api\10.1.4\tomcat-el-api-10.1.4.jar;C:\Users\kamteja\.m2\repository\org\eclipse\jdt\ecj\3.31.0\ecj-3.31.0.jar;C:\Users\kamteja\.m2\repository\org\apache\tomcat\tomcat-jasper-el\10.1.4\tomcat-jasper-el-10.1.4.jar;C:\Users\kamteja\.m2\repository\org\apache\tomcat\tomcat-api\10.1.4\tomcat-api-10.1.4.jar;C:\Users\kamteja\.m2\repository\org\apache\tomcat\tomcat-util-scan\10.1.4\tomcat-util-scan-10.1.4.jar;C:\Users\kamteja\.m2\repository\org\apache\tomcat\tomcat-util\10.1.4\tomcat-util-10.1.4.jar;C:\Users\kamteja\.m2\repository\javax\servlet\javax.servlet-api\3.0.1\javax.servlet-api-3.0.1.jar;C:\Users\kamteja\.m2\repository\org\projectlombok\lombok-maven-plugin\1.18.12.0\lombok-maven-plugin-1.18.12.0.jar;C:\Users\kamteja\.m2\repository\org\apache\commons\commons-lang3\3.12.0\commons-lang3-3.12.0.jar;C:\Users\kamteja\.m2\repository\org\sonatype\plexus\plexus-build-api\0.0.7\plexus-build-api-0.0.7.jar;C:\Users\kamteja\.m2\repository\org\codehaus\plexus\plexus-utils\1.5.8\plexus-utils-1.5.8.jar;C:\Users\kamteja\.m2\repository\io\springfox\springfox-swagger2\3.0.0\springfox-swagger2-3.0.0.jar;C:\Users\kamteja\.m2\repository\io\springfox\springfox-spi\3.0.0\springfox-spi-3.0.0.jar;C:\Users\kamteja\.m2\repository\io\springfox\springfox-core\3.0.0\springfox-core-3.0.0.jar;C:\Users\kamteja\.m2\repository\io\springfox\springfox-schema\3.0.0\springfox-schema-3.0.0.jar;C:\Users\kamteja\.m2\repository\io\springfox\springfox-swagger-common\3.0.0\springfox-swagger-common-3.0.0.jar;C:\Users\kamteja\.m2\repository\io\swagger\core\v3\swagger-annotations\2.1.2\swagger-annotations-2.1.2.jar;C:\Users\kamteja\.m2\repository\io\springfox\springfox-spring-web\3.0.0\springfox-spring-web-3.0.0.jar;C:\Users\kamteja\.m2\repository\io\github\classgraph\classgraph\4.8.83\classgraph-4.8.83.jar;C:\Users\kamteja\.m2\repository\io\springfox\springfox-spring-webmvc\3.0.0\springfox-spring-webmvc-3.0.0.jar;C:\Users\kamteja\.m2\repository\io\springfox\springfox-spring-webflux\3.0.0\springfox-spring-webflux-3.0.0.jar;C:\Users\kamteja\.m2\repository\com\fasterxml\classmate\1.5.1\classmate-1.5.1.jar;C:\Users\kamteja\.m2\repository\org\slf4j\slf4j-api\2.0.6\slf4j-api-2.0.6.jar;C:\Users\kamteja\.m2\repository\org\springframework\plugin\spring-plugin-core\2.0.0.RELEASE\spring-plugin-core-2.0.0.RELEASE.jar;C:\Users\kamteja\.m2\repository\org\springframework\plugin\spring-plugin-metadata\2.0.0.RELEASE\spring-plugin-metadata-2.0.0.RELEASE.jar;C:\Users\kamteja\.m2\repository\io\swagger\swagger-annotations\1.5.20\swagger-annotations-1.5.20.jar;C:\Users\kamteja\.m2\repository\io\swagger\swagger-models\1.5.20\swagger-models-1.5.20.jar;C:\Users\kamteja\.m2\repository\org\mapstruct\mapstruct\1.3.1.Final\mapstruct-1.3.1.Final.jar;C:\Users\kamteja\.m2\repository\io\springfox\springfox-swagger-ui\3.0.0\springfox-swagger-ui-3.0.0.jar;"/>
    <property name="sun.cpu.endian" value="little"/>
    <property name="user.home" value="C:\Users\kamteja"/>
    <property name="user.language" value="en"/>
    <property name="java.specification.vendor" value="Oracle Corporation"/>
    <property name="java.version.date" value="2022-04-19"/>
    <property name="java.home" value="C:\Users\kamteja\.p2\pool\plugins\org.eclipse.justj.openjdk.hotspot.jre.full.win32.x86_64_17.0.3.v20220515-1416\jre"/>
    <property name="file.separator" value="\"/>
    <property name="basedir" value="C:\Users\kamteja\Desktop\FlightBooking\BookingServices"/>
    <property name="java.vm.compressedOopsMode" value="Zero based"/>
    <property name="line.separator" value="&#10;"/>
    <property name="java.vm.specification.vendor" value="Oracle Corporation"/>
    <property name="java.specification.name" value="Java Platform API Specification"/>
    <property name="surefire.real.class.path" value="C:\Users\kamteja\AppData\Local\Temp\surefire12470688790407383069\surefirebooter13002779588224005798.jar"/>
    <property name="user.script" value=""/>
    <property name="sun.management.compiler" value="HotSpot 64-Bit Tiered Compilers"/>
    <property name="java.runtime.version" value="17.0.3+7"/>
    <property name="user.name" value="kamteja"/>
    <property name="path.separator" value=";"/>
    <property name="os.version" value="10.0"/>
    <property name="java.runtime.name" value="OpenJDK Runtime Environment"/>
    <property name="file.encoding" value="Cp1252"/>
    <property name="java.vm.name" value="OpenJDK 64-Bit Server VM"/>
    <property name="java.vendor.version" value="Temurin-17.0.3+7"/>
    <property name="localRepository" value="C:\Users\kamteja\.m2\repository"/>
    <property name="java.vendor.url.bug" value="https://github.com/adoptium/adoptium-support/issues"/>
    <property name="java.io.tmpdir" value="C:\Users\kamteja\AppData\Local\Temp\"/>
    <property name="java.version" value="17.0.3"/>
    <property name="user.dir" value="C:\Users\kamteja\Desktop\FlightBooking\BookingServices"/>
    <property name="os.arch" value="amd64"/>
    <property name="java.vm.specification.name" value="Java Virtual Machine Specification"/>
    <property name="sun.os.patch.level" value=""/>
    <property name="native.encoding" value="Cp1252"/>
    <property name="java.library.path" value="C:\Users\kamteja\.p2\pool\plugins\org.eclipse.justj.openjdk.hotspot.jre.full.win32.x86_64_17.0.3.v20220515-1416\jre\bin;C:\WINDOWS\Sun\Java\bin;C:\WINDOWS\system32;C:\WINDOWS;C:/Users/kamteja/.p2/pool/plugins/org.eclipse.justj.openjdk.hotspot.jre.full.win32.x86_64_17.0.3.v20220515-1416/jre/bin/server;C:/Users/kamteja/.p2/pool/plugins/org.eclipse.justj.openjdk.hotspot.jre.full.win32.x86_64_17.0.3.v20220515-1416/jre/bin;C:\Program Files (x86)\Common Files\Oracle\Java\javapath;C:\Program Files\Eclipse Foundation\jdk-11.0.12.7-hotspot\bin;C:\WINDOWS\system32;C:\WINDOWS;C:\WINDOWS\System32\Wbem;C:\WINDOWS\System32\WindowsPowerShell\v1.0\;C:\WINDOWS\System32\OpenSSH\;C:\Program Files\Java\jdk1.8.0_202\bin;C:\Users\kamteja\AppData\Local\Microsoft\WindowsApps;C:\Users\kamteja\AppData\Local\Programs\Git\cmd;;C:\Users\kamteja\eclipse\jee-2022-06\eclipse;;."/>
    <property name="java.vm.info" value="mixed mode"/>
    <property name="java.vendor" value="Eclipse Adoptium"/>
    <property name="java.vm.version" value="17.0.3+7"/>
    <property name="sun.io.unicode.encoding" value="UnicodeLittle"/>
    <property name="java.class.version" value="61.0"/>
  </properties>
  <testcase name="contextLoads" classname="com.bookingservice.BookingServicesApplicationTests" time="0.246"/>
</testsuite>